mode: set
github.com/bassrob/file-wiper/helper/fileHelper.go:13.78,16.29 2 1
github.com/bassrob/file-wiper/helper/fileHelper.go:25.2,25.8 1 1
github.com/bassrob/file-wiper/helper/fileHelper.go:16.29,17.83 1 1
github.com/bassrob/file-wiper/helper/fileHelper.go:17.83,18.21 1 1
github.com/bassrob/file-wiper/helper/fileHelper.go:21.4,21.14 1 1
github.com/bassrob/file-wiper/helper/fileHelper.go:18.21,20.5 1 1
github.com/bassrob/file-wiper/helper/fileHelper.go:30.95,33.29 2 1
github.com/bassrob/file-wiper/helper/fileHelper.go:48.2,48.8 1 1
github.com/bassrob/file-wiper/helper/fileHelper.go:33.29,36.44 2 1
github.com/bassrob/file-wiper/helper/fileHelper.go:41.3,41.20 1 1
github.com/bassrob/file-wiper/helper/fileHelper.go:45.3,45.63 1 1
github.com/bassrob/file-wiper/helper/fileHelper.go:36.44,38.4 1 0
github.com/bassrob/file-wiper/helper/fileHelper.go:41.20,42.12 1 1
github.com/bassrob/file-wiper/helper/ioHelper.go:15.82,17.35 1 1
github.com/bassrob/file-wiper/helper/ioHelper.go:24.2,24.31 1 1
github.com/bassrob/file-wiper/helper/ioHelper.go:17.35,18.45 1 1
github.com/bassrob/file-wiper/helper/ioHelper.go:18.45,20.4 1 0
github.com/bassrob/file-wiper/helper/ioHelper.go:28.59,30.54 2 1
github.com/bassrob/file-wiper/helper/ioHelper.go:35.2,36.34 2 1
github.com/bassrob/file-wiper/helper/ioHelper.go:30.54,32.3 1 0
github.com/bassrob/file-wiper/helper/ioHelper.go:41.84,43.88 2 1
github.com/bassrob/file-wiper/helper/ioHelper.go:47.2,47.41 1 1
github.com/bassrob/file-wiper/helper/ioHelper.go:43.88,45.3 1 0
github.com/bassrob/file-wiper/helper/ioHelper.go:52.63,53.50 1 1
github.com/bassrob/file-wiper/helper/ioHelper.go:57.2,57.23 1 1
github.com/bassrob/file-wiper/helper/ioHelper.go:53.50,55.3 1 0
